2024-07-12 02:26:12,168 - app - INFO - Database tables created successfully.
2024-07-12 02:26:12,278 - app - INFO - Successfully connected to Redis
2024-07-12 02:26:16,485 - app - INFO - Database tables created successfully.
2024-07-12 02:26:16,598 - app - INFO - Successfully connected to Redis
2024-07-12 02:33:54,506 - app - INFO - No user in session in check-session
2024-07-12 02:33:56,026 - app - INFO - No user in session in check-session
2024-07-12 02:34:00,341 - app - INFO - Session before request: <RedisSession {'_permanent': True}>
2024-07-12 02:34:00,344 - app - INFO - Generated state for login: 1I5XIpyu5K2-UY9y2SB3812uONB6I-ynznVIXkKk_N0
2024-07-12 02:34:01,987 - app - INFO - Session after request: <RedisSession {'_permanent': True, 'oauth_state': '1I5XIpyu5K2-UY9y2SB3812uONB6I-ynznVIXkKk_N0', '_state_auth0_1I5XIpyu5K2-UY9y2SB3812uONB6I-ynznVIXkKk_N0': {'data': {'redirect_uri': 'http://localhost/callback?type=recruiter', 'nonce': 'pWmz1rgPavyCgFNAxLE1', 'url': 'https://dev-oeq0mjghj1zj746x.us.auth0.com/authorize?response_type=code&client_id=3sGw77fl2BfCmhS3SknAwZviTFeWpAwq&redirect_uri=http%3A%2F%2Flocalhost%2Fcallback%3Ftype%3Drecruiter&scope=openid+profile+email&state=1I5XIpyu5K2-UY9y2SB3812uONB6I-ynznVIXkKk_N0&nonce=pWmz1rgPavyCgFNAxLE1'}, 'exp': 1720755241.980183}}>
2024-07-12 02:34:11,148 - app - INFO - Session before request: <RedisSession {'_permanent': True, 'oauth_state': '1I5XIpyu5K2-UY9y2SB3812uONB6I-ynznVIXkKk_N0', '_state_auth0_1I5XIpyu5K2-UY9y2SB3812uONB6I-ynznVIXkKk_N0': {'data': {'redirect_uri': 'http://localhost/callback?type=recruiter', 'nonce': 'pWmz1rgPavyCgFNAxLE1', 'url': 'https://dev-oeq0mjghj1zj746x.us.auth0.com/authorize?response_type=code&client_id=3sGw77fl2BfCmhS3SknAwZviTFeWpAwq&redirect_uri=http%3A%2F%2Flocalhost%2Fcallback%3Ftype%3Drecruiter&scope=openid+profile+email&state=1I5XIpyu5K2-UY9y2SB3812uONB6I-ynznVIXkKk_N0&nonce=pWmz1rgPavyCgFNAxLE1'}, 'exp': 1720755241.980183}}>
2024-07-12 02:34:11,150 - app - INFO - Callback initiated
2024-07-12 02:34:11,151 - app - INFO - Request args: ImmutableMultiDict([('type', 'recruiter'), ('code', 'RhQTAXShQ8ysXKt95EWmLzB2hoVSYqcRPevJdEMDnGgpI'), ('state', '1I5XIpyu5K2-UY9y2SB3812uONB6I-ynznVIXkKk_N0')])
2024-07-12 02:34:11,152 - app - INFO - Session before token: <RedisSession {'_permanent': True, 'oauth_state': '1I5XIpyu5K2-UY9y2SB3812uONB6I-ynznVIXkKk_N0', '_state_auth0_1I5XIpyu5K2-UY9y2SB3812uONB6I-ynznVIXkKk_N0': {'data': {'redirect_uri': 'http://localhost/callback?type=recruiter', 'nonce': 'pWmz1rgPavyCgFNAxLE1', 'url': 'https://dev-oeq0mjghj1zj746x.us.auth0.com/authorize?response_type=code&client_id=3sGw77fl2BfCmhS3SknAwZviTFeWpAwq&redirect_uri=http%3A%2F%2Flocalhost%2Fcallback%3Ftype%3Drecruiter&scope=openid+profile+email&state=1I5XIpyu5K2-UY9y2SB3812uONB6I-ynznVIXkKk_N0&nonce=pWmz1rgPavyCgFNAxLE1'}, 'exp': 1720755241.980183}}>
2024-07-12 02:34:11,152 - app - INFO - Auth0 Domain: dev-oeq0mjghj1zj746x.us.auth0.com
2024-07-12 02:34:11,152 - app - INFO - Auth0 Client ID: 3sGw77fl2BfCmhS3SknAwZviTFeWpAwq
2024-07-12 02:34:11,153 - app - INFO - Callback URL: http://localhost/callback
2024-07-12 02:34:11,153 - app - INFO - Session state: 1I5XIpyu5K2-UY9y2SB3812uONB6I-ynznVIXkKk_N0
2024-07-12 02:34:11,153 - app - INFO - Request state: 1I5XIpyu5K2-UY9y2SB3812uONB6I-ynznVIXkKk_N0
2024-07-12 02:34:12,180 - app - INFO - Token obtained successfully
2024-07-12 02:34:12,181 - app - INFO - Session after token: <RedisSession {'_permanent': True, 'oauth_state': '1I5XIpyu5K2-UY9y2SB3812uONB6I-ynznVIXkKk_N0'}>
2024-07-12 02:34:12,239 - app - INFO - Existing Recruiter Logged In
2024-07-12 02:34:12,240 - app - INFO - Recruiter ID: 1
2024-07-12 02:34:12,240 - app - INFO - Session data after login: <RedisSession {'_permanent': True, 'oauth_state': '1I5XIpyu5K2-UY9y2SB3812uONB6I-ynznVIXkKk_N0', 'user': {'access_token': 'eyJhbGciOiJkaXIiLCJlbmMiOiJBMjU2R0NNIiwiaXNzIjoiaHR0cHM6Ly9kZXYtb2VxMG1qZ2hqMXpqNzQ2eC51cy5hdXRoMC5jb20vIn0..RRuvWmekHU0vkxqB.UeGRYvWfvzbWssM9bg5AuBmzjjcCAcmXkir5ZMe7qYOwK5F-GH3c2Ijk_uNwLOvWSuigpx64ZzEqIZolUUp0RXnwqp-znB7ogMeSv7whSVXaTPKQrQBSliUHsnfV3BfbSs3Z_kWz4_UO4ivatYDHBTx1BNX0XT0P81lU5igUvEEpmYESOewL8OYQqFamQk6GvuSfHk7bk0PLmGEP36wwfWQA37ZmRtKW4m5K8NMbLWgdsG45uIo9GoeNZLp6GXXtijAj3DDkUdFidgLAAAqhXO-xLlY-ceozaAuXleaMDe9V6vIlKWVDT3Go_NlRUf1JuOuhB5-0nVTUCOG-KOVaKtklMk3Svw8.hKdLStvFWkxzrCJOn30eJg', 'id_token': 'eyJhbGciOiJSUzI1NiIsInR5cCI6IkpXVCIsImtpZCI6Ilp3VjgyMkdiQTFxMWJDRWNNSjl5YiJ9.eyJnaXZlbl9uYW1lIjoidGhvcmdhbiIsIm5pY2tuYW1lIjoiaGF6YXJkdGhvcmdhbjExMjciLCJuYW1lIjoidGhvcmdhbiIsInBpY3R1cmUiOiJodHRwczovL2xoMy5nb29nbGV1c2VyY29udGVudC5jb20vYS9BQ2c4b2NJY0w1NGg0MFNGN1FLOHV2R1B4V3l2SE9oQTNic210RnM4aExlZDExbURzalR3cmc9czk2LWMiLCJ1cGRhdGVkX2F0IjoiMjAyNC0wNy0xMlQwMjozNDoxMC43NTZaIiwiZW1haWwiOiJoYXphcmR0aG9yZ2FuMTEyN0BnbWFpbC5jb20iLCJlbWFpbF92ZXJpZmllZCI6dHJ1ZSwiaXNzIjoiaHR0cHM6Ly9kZXYtb2VxMG1qZ2hqMXpqNzQ2eC51cy5hdXRoMC5jb20vIiwiYXVkIjoiM3NHdzc3ZmwyQmZDbWhTM1NrbkF3WnZpVEZlV3BBd3EiLCJpYXQiOjE3MjA3NTE2NTEsImV4cCI6MTcyMDc4NzY1MSwic3ViIjoiZ29vZ2xlLW9hdXRoMnwxMDYzMTQ1NzI4MDA4MzQ3NDIwODUiLCJzaWQiOiI0aUptTWJPbmc1T0NEeDhkdWZKYV9YcmliMXQyWjRfaiIsIm5vbmNlIjoicFdtejFyZ1BhdnlDZ0ZOQXhMRTEifQ.k4XhvY_dqRjrsQiRRBzRc47UquxlVZnmo_RekP_K2PZngH04sf2lYY6oxd7d2VdccuH_pnwvpRxj_0IXCQ8fclBaVDikLVhnBGMDaqdPAsfe_cW4Lg6VtzOcMOoPlVIuDAMo5e7zqxLT-FZ2iIBH9RniwLyg8bboWtDqtYh-LsScgTRxtqlElkTr64ibX5oQLce4r446vaiVgJaxVZ_aF8O_0ReRwaWVU2uB5EgqfseRS2zUZJYVvIvtnWgN_v3Dl7Tgl9JLwfUoQ2X1BhyQm6kahTlKBswqFRZS8MR2u8BNf1TSPWDemgMFyPRdHHakD91s9Yt3ulan-uNNtvreiA', 'scope': 'openid profile email', 'expires_in': 86400, 'token_type': 'Bearer', 'expires_at': 1720838051, 'userinfo': {'given_name': 'thorgan', 'nickname': 'hazardthorgan1127', 'name': 'thorgan', 'picture': 'https://lh3.googleusercontent.com/a/ACg8ocIcL54h40SF7QK8uvGPxWyvHOhA3bsmtFs8hLed11mDsjTwrg=s96-c', 'updated_at': '2024-07-12T02:34:10.756Z', 'email': 'hazardthorgan1127@gmail.com', 'email_verified': True, 'iss': 'https://dev-oeq0mjghj1zj746x.us.auth0.com/', 'aud': '3sGw77fl2BfCmhS3SknAwZviTFeWpAwq', 'iat': 1720751651, 'exp': 1720787651, 'sub': 'google-oauth2|106314572800834742085', 'sid': '4iJmMbOng5OCDx8dufJa_Xrib1t2Z4_j', 'nonce': 'pWmz1rgPavyCgFNAxLE1'}, 'type': 'recruiter', 'recruiter_id': 1}}>
2024-07-12 02:34:12,241 - app - INFO - Session after request: <RedisSession {'_permanent': True, 'oauth_state': '1I5XIpyu5K2-UY9y2SB3812uONB6I-ynznVIXkKk_N0', 'user': {'access_token': 'eyJhbGciOiJkaXIiLCJlbmMiOiJBMjU2R0NNIiwiaXNzIjoiaHR0cHM6Ly9kZXYtb2VxMG1qZ2hqMXpqNzQ2eC51cy5hdXRoMC5jb20vIn0..RRuvWmekHU0vkxqB.UeGRYvWfvzbWssM9bg5AuBmzjjcCAcmXkir5ZMe7qYOwK5F-GH3c2Ijk_uNwLOvWSuigpx64ZzEqIZolUUp0RXnwqp-znB7ogMeSv7whSVXaTPKQrQBSliUHsnfV3BfbSs3Z_kWz4_UO4ivatYDHBTx1BNX0XT0P81lU5igUvEEpmYESOewL8OYQqFamQk6GvuSfHk7bk0PLmGEP36wwfWQA37ZmRtKW4m5K8NMbLWgdsG45uIo9GoeNZLp6GXXtijAj3DDkUdFidgLAAAqhXO-xLlY-ceozaAuXleaMDe9V6vIlKWVDT3Go_NlRUf1JuOuhB5-0nVTUCOG-KOVaKtklMk3Svw8.hKdLStvFWkxzrCJOn30eJg', 'id_token': 'eyJhbGciOiJSUzI1NiIsInR5cCI6IkpXVCIsImtpZCI6Ilp3VjgyMkdiQTFxMWJDRWNNSjl5YiJ9.eyJnaXZlbl9uYW1lIjoidGhvcmdhbiIsIm5pY2tuYW1lIjoiaGF6YXJkdGhvcmdhbjExMjciLCJuYW1lIjoidGhvcmdhbiIsInBpY3R1cmUiOiJodHRwczovL2xoMy5nb29nbGV1c2VyY29udGVudC5jb20vYS9BQ2c4b2NJY0w1NGg0MFNGN1FLOHV2R1B4V3l2SE9oQTNic210RnM4aExlZDExbURzalR3cmc9czk2LWMiLCJ1cGRhdGVkX2F0IjoiMjAyNC0wNy0xMlQwMjozNDoxMC43NTZaIiwiZW1haWwiOiJoYXphcmR0aG9yZ2FuMTEyN0BnbWFpbC5jb20iLCJlbWFpbF92ZXJpZmllZCI6dHJ1ZSwiaXNzIjoiaHR0cHM6Ly9kZXYtb2VxMG1qZ2hqMXpqNzQ2eC51cy5hdXRoMC5jb20vIiwiYXVkIjoiM3NHdzc3ZmwyQmZDbWhTM1NrbkF3WnZpVEZlV3BBd3EiLCJpYXQiOjE3MjA3NTE2NTEsImV4cCI6MTcyMDc4NzY1MSwic3ViIjoiZ29vZ2xlLW9hdXRoMnwxMDYzMTQ1NzI4MDA4MzQ3NDIwODUiLCJzaWQiOiI0aUptTWJPbmc1T0NEeDhkdWZKYV9YcmliMXQyWjRfaiIsIm5vbmNlIjoicFdtejFyZ1BhdnlDZ0ZOQXhMRTEifQ.k4XhvY_dqRjrsQiRRBzRc47UquxlVZnmo_RekP_K2PZngH04sf2lYY6oxd7d2VdccuH_pnwvpRxj_0IXCQ8fclBaVDikLVhnBGMDaqdPAsfe_cW4Lg6VtzOcMOoPlVIuDAMo5e7zqxLT-FZ2iIBH9RniwLyg8bboWtDqtYh-LsScgTRxtqlElkTr64ibX5oQLce4r446vaiVgJaxVZ_aF8O_0ReRwaWVU2uB5EgqfseRS2zUZJYVvIvtnWgN_v3Dl7Tgl9JLwfUoQ2X1BhyQm6kahTlKBswqFRZS8MR2u8BNf1TSPWDemgMFyPRdHHakD91s9Yt3ulan-uNNtvreiA', 'scope': 'openid profile email', 'expires_in': 86400, 'token_type': 'Bearer', 'expires_at': 1720838051, 'userinfo': {'given_name': 'thorgan', 'nickname': 'hazardthorgan1127', 'name': 'thorgan', 'picture': 'https://lh3.googleusercontent.com/a/ACg8ocIcL54h40SF7QK8uvGPxWyvHOhA3bsmtFs8hLed11mDsjTwrg=s96-c', 'updated_at': '2024-07-12T02:34:10.756Z', 'email': 'hazardthorgan1127@gmail.com', 'email_verified': True, 'iss': 'https://dev-oeq0mjghj1zj746x.us.auth0.com/', 'aud': '3sGw77fl2BfCmhS3SknAwZviTFeWpAwq', 'iat': 1720751651, 'exp': 1720787651, 'sub': 'google-oauth2|106314572800834742085', 'sid': '4iJmMbOng5OCDx8dufJa_Xrib1t2Z4_j', 'nonce': 'pWmz1rgPavyCgFNAxLE1'}, 'type': 'recruiter', 'recruiter_id': 1}}>
2024-07-12 02:34:13,164 - app - INFO - Session data in check-session: thorgan
2024-07-12 02:34:13,167 - app - INFO - Session Type in check-session: recruiter
2024-07-12 02:34:13,264 - app - INFO - Session data in check-session: thorgan
2024-07-12 02:34:13,273 - app - INFO - Session Type in check-session: recruiter
2024-07-12 02:45:44,363 - app - INFO - Session data in check-session: thorgan
2024-07-12 02:45:44,383 - app - INFO - Session Type in check-session: recruiter
2024-07-12 02:45:44,684 - app - INFO - Session data in check-session: thorgan
2024-07-12 02:45:44,687 - app - INFO - Session Type in check-session: recruiter
